0 info it worked if it ends with ok
1 verbose cli [ 'node',
1 verbose cli   '/usr/local/bin/npm',
1 verbose cli   'uninstall',
1 verbose cli   '-g',
1 verbose cli   'node-inspector' ]
2 info using npm@1.4.28
3 info using node@v0.10.35
4 verbose lib/node_modules/node-inspector unbuild
5 info preuninstall node-inspector@0.9.1
6 info uninstall node-inspector@0.9.1
7 verbose true,/usr/local/lib/node_modules,/usr/local/lib/node_modules unbuild node-inspector@0.9.1
8 verbose /usr/local/bin,[object Object] binRoot
9 error Refusing to delete: /usr/local/bin/node-debug not in /usr/local/lib/node_modules/node-inspector
File exists: /usr/local/bin/node-debug
Move it away, and try again.
10 error System Darwin 14.1.0
11 error command "node" "/usr/local/bin/npm" "uninstall" "-g" "node-inspector"
12 error cwd /Users/zazou/Code/tumblr_mailer
13 error node -v v0.10.35
14 error npm -v 1.4.28
15 error path /usr/local/bin/node-debug
16 error code EEXIST
17 verbose exit [ 1, true ]
